Сборка начата 11.05.2016 16:18:45.
     1>Проект "Y:\MyProjects\JavaProjects\NewFolderForJavaProjects\GRADUATE\download\download\download.vcxproj" в узле 2 (целевые объекты Build).
     1>ClCompile:
         Y:\Programmes\VS15\VC\bin\x86_amd64\CL.exe /c /ZI /nologo /W3 /WX- /sdl /Od /D _DEBUG /D _CONSOLE /D _UNICODE /D UNICODE /Gm /EHsc /RTC1 /MDd /GS /fp:precise /Zc:wchar_t /Zc:forScope /Zc:inline /Fo"x64\Debug\\" /Fd"x64\Debug\vc140.pdb" /Gd /TP /errorReport:prompt Date.cpp HandlerFile.cpp Properties.cpp TESTING.cpp
         HandlerFile.cpp
         Создание кода...
         Компиляция...
         TESTING.cpp
     1>y:\myprojects\javaprojects\newfolderforjavaprojects\graduate\download\download\testing.cpp(12): warning C4267: инициализация: преобразование из "size_t" в "int"; возможна потеря данных
         Создание кода...
         Пропуск... (изменения не обнаружены)
         Properties.cpp
         Date.cpp
       Link:
         Y:\Programmes\VS15\VC\bin\x86_amd64\link.exe /ERRORREPORT:PROMPT /OUT:"Y:\MyProjects\JavaProjects\NewFolderForJavaProjects\GRADUATE\download\x64\Debug\download.exe" /INCREMENTAL /NOLOGO kernel32.lib user32.lib gdi32.lib winspool.lib comdlg32.lib advapi32.lib shell32.lib ole32.lib oleaut32.lib uuid.lib odbc32.lib odbccp32.lib /MANIFEST /MANIFESTUAC:"level='asInvoker' uiAccess='false'" /manifest:embed /Debug /PDB:"Y:\MyProjects\JavaProjects\NewFolderForJavaProjects\GRADUATE\download\x64\Debug\download.pdb" /SUBSYSTEM:CONSOLE /TLBID:1 /DYNAMICBASE /NXCOMPAT /IMPLIB:"Y:\MyProjects\JavaProjects\NewFolderForJavaProjects\GRADUATE\download\x64\Debug\download.lib" /MACHINE:X64 x64\Debug\Date.obj
         x64\Debug\HandlerFile.obj
         x64\Debug\Properties.obj
         x64\Debug\TESTING.obj
         download.vcxproj -> Y:\MyProjects\JavaProjects\NewFolderForJavaProjects\GRADUATE\download\x64\Debug\download.exe
     1>Сборка проекта "Y:\MyProjects\JavaProjects\NewFolderForJavaProjects\GRADUATE\download\download\download.vcxproj" завершена (целевые объекты Build).

Сборка успешно завершена.

Затраченное время: 00:00:02.58
